
Showing logs for build [32mcb-kubecd-environment-pr-184-59-cz6xc-1[0m stage [32mfrom-build-pack[0m and container [32mstep-credential-initializer-4cqgs[0m
{"level":"warn","ts":1584574620.5434675,"logger":"fallback-logger","caller":"logging/config.go:69","msg":"Fetch GitHub commit ID from kodata failed: \"ref: refs/heads/0.8.0-**-support-backwards-incompats\" is not a valid GitHub commit ID"}
{"level":"info","ts":1584574620.5446138,"logger":"fallback-logger","caller":"creds-init/main.go:40","msg":"Credentials initialized."}

Showing logs for build [32mcb-kubecd-environment-pr-184-59-cz6xc-1[0m stage [32mfrom-build-pack[0m and container [32mstep-working-dir-initializer-mxpfg[0m
{"level":"warn","ts":1584574621.5164585,"logger":"fallback-logger","caller":"logging/config.go:69","msg":"Fetch GitHub commit ID from kodata failed: open /var/run/ko/HEAD: no such file or directory"}
{"level":"info","ts":1584574621.5181746,"logger":"fallback-logger","caller":"bash/main.go:64","msg":"Successfully executed command \"sh -c mkdir -p /workspace/source\"; output "}

Showing logs for build [32mcb-kubecd-environment-pr-184-59-cz6xc-1[0m stage [32mfrom-build-pack[0m and container [32mstep-place-tools[0m

Showing logs for build [32mcb-kubecd-environment-pr-184-59-cz6xc-1[0m stage [32mfrom-build-pack[0m and container [32mstep-git-source-cb-kubecd-environment-pr-184-59-cz6xc-dxknp[0m
{"level":"warn","ts":1584574651.0052903,"logger":"fallback-logger","caller":"logging/config.go:69","msg":"Fetch GitHub commit ID from kodata failed: \"ref: refs/heads/0.8.0-**-support-backwards-incompats\" is not a valid GitHub commit ID"}
{"level":"info","ts":1584574652.1324308,"logger":"fallback-logger","caller":"git/git.go:103","msg":"Successfully cloned https://github.com/cb-kubecd/environment-pr-184-59-boot-vault-gke-staging.git @ master in path /workspace/source"}

Showing logs for build [32mcb-kubecd-environment-pr-184-59-cz6xc-1[0m stage [32mfrom-build-pack[0m and container [32mstep-git-merge[0m
Using SHAs from PULL_REFS=master:d1c374f346af3ccc9725327af6c695b6c4945727,4:7cd306517dfcfa3f174ab695d0d5a3b4b2081c0f
DEBUG: LC_ALL=C JX_LOG_LEVEL=error git fetch origin --unshallow 7cd306517dfcfa3f174ab695d0d5a3b4b2081c0f: d1c374f346af3ccc9725327af6c695b6c4945727:
DEBUG: ran git fetch --unshallow origin 7cd306517dfcfa3f174ab695d0d5a3b4b2081c0f: d1c374f346af3ccc9725327af6c695b6c4945727: in 
DEBUG: LC_ALL=C JX_LOG_LEVEL=error git branch
DEBUG: LC_ALL=C JX_LOG_LEVEL=error git checkout master
DEBUG: ran git checkout master in 
DEBUG: LC_ALL=C JX_LOG_LEVEL=error git reset --hard d1c374f346af3ccc9725327af6c695b6c4945727
DEBUG: ran git reset --hard d1c374f346af3ccc9725327af6c695b6c4945727 in 
DEBUG: LC_ALL=C JX_LOG_LEVEL=error git clean -fd .
DEBUG: ran clean --force -d . in 
DEBUG: LC_ALL=C JX_LOG_LEVEL=error git merge 7cd306517dfcfa3f174ab695d0d5a3b4b2081c0f
DEBUG: ran git merge 7cd306517dfcfa3f174ab695d0d5a3b4b2081c0f in 
DEBUG: JX_LOG_LEVEL=error LC_ALL=C git log --format=%H%x1f%an%x1f%ae%x1f%cn%x1f%ce%x1f%s%n%b%x1e d1c374f346af3ccc9725327af6c695b6c4945727..HEAD
Merged SHA 7cd306517dfcfa3f174ab695d0d5a3b4b2081c0f with commit message 'chore: Promote bdd-gh-1584572323 to version 0.0.1' into base branch master

Showing logs for build [32mcb-kubecd-environment-pr-184-59-cz6xc-1[0m stage [32mfrom-build-pack[0m and container [32mstep-build-helm-build[0m
WARNING: No $CHART_REPOSITORY defined so using the default value of: http://jenkins-x-chartmuseum:8080
Adding missing Helm repo: storage.googleapis.com https://storage.googleapis.com/chartmuseum.jenkins-x.io
WARNING: No secrets found on "helm/repos" due: reading the secret "helm/repos" from vault: no secret "helm/repos" not found in vault
Read credentials for https://storage.googleapis.com/chartmuseum.jenkins-x.io from vault helm/repos
Successfully added Helm repository storage.googleapis.com.
Adding missing Helm repo: jenkins-x-chartmuseum http://jenkins-x-chartmuseum:8080
WARNING: No secrets found on "helm/repos" due: reading the secret "helm/repos" from vault: no secret "helm/repos" not found in vault
Read credentials for http://jenkins-x-chartmuseum:8080 from vault helm/repos
Successfully added Helm repository jenkins-x-chartmuseum.
WARNING: No $CHART_REPOSITORY defined so using the default value of: http://jenkins-x-chartmuseum:8080
Adding missing Helm repo: chartmuseum.jenkins-x.io http://chartmuseum.jenkins-x.io
WARNING: No secrets found on "helm/repos" due: reading the secret "helm/repos" from vault: no secret "helm/repos" not found in vault
Read credentials for http://chartmuseum.jenkins-x.io from vault helm/repos
Successfully added Helm repository chartmuseum.jenkins-x.io.
