
Showing logs for build [32mcb-kubecd-environment-pr-184-59-rhhlw-1[0m stage [32mfrom-build-pack[0m and container [32mstep-credential-initializer-dh85f[0m
{"level":"warn","ts":1584572673.2341058,"logger":"fallback-logger","caller":"logging/config.go:69","msg":"Fetch GitHub commit ID from kodata failed: \"ref: refs/heads/0.8.0-**-support-backwards-incompats\" is not a valid GitHub commit ID"}
{"level":"info","ts":1584572673.2346728,"logger":"fallback-logger","caller":"creds-init/main.go:40","msg":"Credentials initialized."}

Showing logs for build [32mcb-kubecd-environment-pr-184-59-rhhlw-1[0m stage [32mfrom-build-pack[0m and container [32mstep-working-dir-initializer-6w6th[0m
{"level":"warn","ts":1584572674.1438904,"logger":"fallback-logger","caller":"logging/config.go:69","msg":"Fetch GitHub commit ID from kodata failed: open /var/run/ko/HEAD: no such file or directory"}
{"level":"info","ts":1584572674.1579921,"logger":"fallback-logger","caller":"bash/main.go:64","msg":"Successfully executed command \"sh -c mkdir -p /workspace/source\"; output "}

Showing logs for build [32mcb-kubecd-environment-pr-184-59-rhhlw-1[0m stage [32mfrom-build-pack[0m and container [32mstep-place-tools[0m

Showing logs for build [32mcb-kubecd-environment-pr-184-59-rhhlw-1[0m stage [32mfrom-build-pack[0m and container [32mstep-git-source-cb-kubecd-environment-pr-184-59-rhhlw-zmvsx[0m
{"level":"warn","ts":1584572678.2734666,"logger":"fallback-logger","caller":"logging/config.go:69","msg":"Fetch GitHub commit ID from kodata failed: \"ref: refs/heads/0.8.0-**-support-backwards-incompats\" is not a valid GitHub commit ID"}
{"level":"info","ts":1584572679.3036864,"logger":"fallback-logger","caller":"git/git.go:103","msg":"Successfully cloned https://github.com/cb-kubecd/environment-pr-184-59-boot-vault-gke-staging.git @ master in path /workspace/source"}

Showing logs for build [32mcb-kubecd-environment-pr-184-59-rhhlw-1[0m stage [32mfrom-build-pack[0m and container [32mstep-git-merge[0m
Using SHAs from PULL_REFS=master:de5c918d6b4c95342367ea4db3c53679b26ec65e,2:84daaee16dce0f2a80d0eff4b46ecd86e53f7cd3
DEBUG: LC_ALL=C JX_LOG_LEVEL=error git fetch origin --unshallow 84daaee16dce0f2a80d0eff4b46ecd86e53f7cd3: de5c918d6b4c95342367ea4db3c53679b26ec65e:
DEBUG: ran git fetch --unshallow origin 84daaee16dce0f2a80d0eff4b46ecd86e53f7cd3: de5c918d6b4c95342367ea4db3c53679b26ec65e: in 
DEBUG: LC_ALL=C JX_LOG_LEVEL=error git branch
DEBUG: LC_ALL=C JX_LOG_LEVEL=error git checkout master
DEBUG: ran git checkout master in 
DEBUG: LC_ALL=C JX_LOG_LEVEL=error git reset --hard de5c918d6b4c95342367ea4db3c53679b26ec65e
DEBUG: ran git reset --hard de5c918d6b4c95342367ea4db3c53679b26ec65e in 
DEBUG: LC_ALL=C JX_LOG_LEVEL=error git clean -fd .
DEBUG: ran clean --force -d . in 
DEBUG: LC_ALL=C JX_LOG_LEVEL=error git merge 84daaee16dce0f2a80d0eff4b46ecd86e53f7cd3
DEBUG: ran git merge 84daaee16dce0f2a80d0eff4b46ecd86e53f7cd3 in 
DEBUG: LC_ALL=C JX_LOG_LEVEL=error git log --format=%H%x1f%an%x1f%ae%x1f%cn%x1f%ce%x1f%s%n%b%x1e de5c918d6b4c95342367ea4db3c53679b26ec65e..HEAD
Merged SHA 84daaee16dce0f2a80d0eff4b46ecd86e53f7cd3 with commit message 'chore: Promote bdd-nh-1584572323 to version 0.0.1' into base branch master

Showing logs for build [32mcb-kubecd-environment-pr-184-59-rhhlw-1[0m stage [32mfrom-build-pack[0m and container [32mstep-build-helm-build[0m
WARNING: No $CHART_REPOSITORY defined so using the default value of: http://jenkins-x-chartmuseum:8080
Adding missing Helm repo: storage.googleapis.com https://storage.googleapis.com/chartmuseum.jenkins-x.io
WARNING: No secrets found on "helm/repos" due: reading the secret "helm/repos" from vault: no secret "helm/repos" not found in vault
Read credentials for https://storage.googleapis.com/chartmuseum.jenkins-x.io from vault helm/repos
Successfully added Helm repository storage.googleapis.com.
Adding missing Helm repo: jenkins-x-chartmuseum http://jenkins-x-chartmuseum:8080
WARNING: No secrets found on "helm/repos" due: reading the secret "helm/repos" from vault: no secret "helm/repos" not found in vault
Read credentials for http://jenkins-x-chartmuseum:8080 from vault helm/repos
Successfully added Helm repository jenkins-x-chartmuseum.
WARNING: No $CHART_REPOSITORY defined so using the default value of: http://jenkins-x-chartmuseum:8080
Adding missing Helm repo: chartmuseum.jenkins-x.io http://chartmuseum.jenkins-x.io
WARNING: No secrets found on "helm/repos" due: reading the secret "helm/repos" from vault: no secret "helm/repos" not found in vault
Read credentials for http://chartmuseum.jenkins-x.io from vault helm/repos
Successfully added Helm repository chartmuseum.jenkins-x.io.
